<?xml version="1.0" encoding="UTF-8"?>
<testsuite xmlns:xsi="http://www.w3.org/2001/XMLSchema-instance" xsi:noNamespaceSchemaLocation="https://maven.apache.org/surefire/maven-surefire-plugin/xsd/surefire-test-report.xsd" name="edu.dalhousie.business.addnewapplication.business.ValidateNewApplicationTest" time="0.002" tests="21" errors="0" skipped="0" failures="0">
  <properties>
    <property name="sun.desktop" value="windows"/>
    <property name="awt.toolkit" value="sun.awt.windows.WToolkit"/>
    <property name="file.encoding.pkg" value="sun.io"/>
    <property name="java.specification.version" value="1.8"/>
    <property name="sun.cpu.isalist" value="amd64"/>
    <property name="sun.jnu.encoding" value="Cp1252"/>
    <property name="java.class.path" value="D:\Dalhousie\ASDC\Project\group-9\target\test-classes;D:\Dalhousie\ASDC\Project\group-9\target\classes;C:\Users\Abhishek karthik\.m2\repository\org\apache\maven\plugins\maven-compiler-plugin\3.8.1\maven-compiler-plugin-3.8.1.jar;C:\Users\Abhishek karthik\.m2\repository\org\apache\maven\maven-plugin-api\3.0\maven-plugin-api-3.0.jar;C:\Users\Abhishek karthik\.m2\repository\org\apache\maven\maven-model\3.0\maven-model-3.0.jar;C:\Users\Abhishek karthik\.m2\repository\org\sonatype\sisu\sisu-inject-plexus\1.4.2\sisu-inject-plexus-1.4.2.jar;C:\Users\Abhishek karthik\.m2\repository\org\sonatype\sisu\sisu-inject-bean\1.4.2\sisu-inject-bean-1.4.2.jar;C:\Users\Abhishek karthik\.m2\repository\org\sonatype\sisu\sisu-guice\2.1.7\sisu-guice-2.1.7-noaop.jar;C:\Users\Abhishek karthik\.m2\repository\org\apache\maven\maven-artifact\3.0\maven-artifact-3.0.jar;C:\Users\Abhishek karthik\.m2\repository\org\codehaus\plexus\plexus-utils\2.0.4\plexus-utils-2.0.4.jar;C:\Users\Abhishek karthik\.m2\repository\org\apache\maven\maven-core\3.0\maven-core-3.0.jar;C:\Users\Abhishek karthik\.m2\repository\org\apache\maven\maven-settings\3.0\maven-settings-3.0.jar;C:\Users\Abhishek karthik\.m2\repository\org\apache\maven\maven-settings-builder\3.0\maven-settings-builder-3.0.jar;C:\Users\Abhishek karthik\.m2\repository\org\apache\maven\maven-repository-metadata\3.0\maven-repository-metadata-3.0.jar;C:\Users\Abhishek karthik\.m2\repository\org\apache\maven\maven-model-builder\3.0\maven-model-builder-3.0.jar;C:\Users\Abhishek karthik\.m2\repository\org\apache\maven\maven-aether-provider\3.0\maven-aether-provider-3.0.jar;C:\Users\Abhishek karthik\.m2\repository\org\sonatype\aether\aether-impl\1.7\aether-impl-1.7.jar;C:\Users\Abhishek karthik\.m2\repository\org\sonatype\aether\aether-spi\1.7\aether-spi-1.7.jar;C:\Users\Abhishek karthik\.m2\repository\org\sonatype\aether\aether-api\1.7\aether-api-1.7.jar;C:\Users\Abhishek karthik\.m2\repository\org\sonatype\aether\aether-util\1.7\aether-util-1.7.jar;C:\Users\Abhishek karthik\.m2\repository\org\codehaus\plexus\plexus-interpolation\1.14\plexus-interpolation-1.14.jar;C:\Users\Abhishek karthik\.m2\repository\org\codehaus\plexus\plexus-classworlds\2.2.3\plexus-classworlds-2.2.3.jar;C:\Users\Abhishek karthik\.m2\repository\org\codehaus\plexus\plexus-component-annotations\1.5.5\plexus-component-annotations-1.5.5.jar;C:\Users\Abhishek karthik\.m2\repository\org\sonatype\plexus\plexus-sec-dispatcher\1.3\plexus-sec-dispatcher-1.3.jar;C:\Users\Abhishek karthik\.m2\repository\org\sonatype\plexus\plexus-cipher\1.4\plexus-cipher-1.4.jar;C:\Users\Abhishek karthik\.m2\repository\org\apache\maven\shared\maven-shared-utils\3.2.1\maven-shared-utils-3.2.1.jar;C:\Users\Abhishek karthik\.m2\repository\commons-io\commons-io\2.5\commons-io-2.5.jar;C:\Users\Abhishek karthik\.m2\repository\org\apache\maven\shared\maven-shared-incremental\1.1\maven-shared-incremental-1.1.jar;C:\Users\Abhishek karthik\.m2\repository\org\codehaus\plexus\plexus-java\0.9.10\plexus-java-0.9.10.jar;C:\Users\Abhishek karthik\.m2\repository\org\ow2\asm\asm\6.2\asm-6.2.jar;C:\Users\Abhishek karthik\.m2\repository\com\thoughtworks\qdox\qdox\2.0-M8\qdox-2.0-M8.jar;C:\Users\Abhishek karthik\.m2\repository\org\codehaus\plexus\plexus-compiler-api\2.8.4\plexus-compiler-api-2.8.4.jar;C:\Users\Abhishek karthik\.m2\repository\org\codehaus\plexus\plexus-compiler-manager\2.8.4\plexus-compiler-manager-2.8.4.jar;C:\Users\Abhishek karthik\.m2\repository\org\codehaus\plexus\plexus-compiler-javac\2.8.4\plexus-compiler-javac-2.8.4.jar;C:\Users\Abhishek karthik\.m2\repository\org\junit\jupiter\junit-jupiter-engine\5.4.0\junit-jupiter-engine-5.4.0.jar;C:\Users\Abhishek karthik\.m2\repository\org\apiguardian\apiguardian-api\1.0.0\apiguardian-api-1.0.0.jar;C:\Users\Abhishek karthik\.m2\repository\org\junit\platform\junit-platform-engine\1.4.0\junit-platform-engine-1.4.0.jar;C:\Users\Abhishek karthik\.m2\repository\com\sun\mail\javax.mail\1.6.2\javax.mail-1.6.2.jar;C:\Users\Abhishek karthik\.m2\repository\javax\activation\activation\1.1\activation-1.1.jar;C:\Users\Abhishek karthik\.m2\repository\org\junit\jupiter\junit-jupiter-api\5.4.0\junit-jupiter-api-5.4.0.jar;C:\Users\Abhishek karthik\.m2\repository\org\opentest4j\opentest4j\1.1.1\opentest4j-1.1.1.jar;C:\Users\Abhishek karthik\.m2\repository\org\junit\platform\junit-platform-commons\1.4.0\junit-platform-commons-1.4.0.jar;C:\Users\Abhishek karthik\.m2\repository\org\apache\maven\plugins\maven-failsafe-plugin\3.0.0-M5\maven-failsafe-plugin-3.0.0-M5.jar;C:\Users\Abhishek karthik\.m2\repository\org\apache\maven\surefire\maven-surefire-common\3.0.0-M5\maven-surefire-common-3.0.0-M5.jar;C:\Users\Abhishek karthik\.m2\repository\org\apache\maven\surefire\surefire-api\3.0.0-M5\surefire-api-3.0.0-M5.jar;C:\Users\Abhishek karthik\.m2\repository\org\apache\maven\surefire\surefire-logger-api\3.0.0-M5\surefire-logger-api-3.0.0-M5.jar;C:\Users\Abhishek karthik\.m2\repository\org\apache\maven\surefire\surefire-extensions-api\3.0.0-M5\surefire-extensions-api-3.0.0-M5.jar;C:\Users\Abhishek karthik\.m2\repository\org\apache\maven\surefire\surefire-booter\3.0.0-M5\surefire-booter-3.0.0-M5.jar;C:\Users\Abhishek karthik\.m2\repository\org\apache\maven\surefire\surefire-extensions-spi\3.0.0-M5\surefire-extensions-spi-3.0.0-M5.jar;C:\Users\Abhishek karthik\.m2\repository\org\apache\maven\maven-toolchain\3.0-alpha-2\maven-toolchain-3.0-alpha-2.jar;C:\Users\Abhishek karthik\.m2\repository\org\apache\maven\shared\maven-artifact-transfer\0.11.0\maven-artifact-transfer-0.11.0.jar;C:\Users\Abhishek karthik\.m2\repository\org\apache\maven\shared\maven-common-artifact-filters\3.0.1\maven-common-artifact-filters-3.0.1.jar;C:\Users\Abhishek karthik\.m2\repository\commons-codec\commons-codec\1.11\commons-codec-1.11.jar;C:\Users\Abhishek karthik\.m2\repository\org\apache\maven\surefire\surefire-shared-utils\3.0.0-M4\surefire-shared-utils-3.0.0-M4.jar;C:\Users\Abhishek karthik\.m2\repository\mysql\mysql-connector-java\8.0.26\mysql-connector-java-8.0.26.jar;C:\Users\Abhishek karthik\.m2\repository\com\google\protobuf\protobuf-java\3.11.4\protobuf-java-3.11.4.jar;C:\Users\Abhishek karthik\.m2\repository\org\apache\logging\log4j\log4j-api\2.14.1\log4j-api-2.14.1.jar;C:\Users\Abhishek karthik\.m2\repository\org\apache\logging\log4j\log4j-core\2.14.1\log4j-core-2.14.1.jar;C:\Users\Abhishek karthik\.m2\repository\org\mockito\mockito-all\1.10.19\mockito-all-1.10.19.jar;"/>
    <property name="java.vm.vendor" value="Amazon.com Inc."/>
    <property name="sun.arch.data.model" value="64"/>
    <property name="user.variant" value=""/>
    <property name="java.vendor.url" value="https://aws.amazon.com/corretto/"/>
    <property name="user.timezone" value="America/Halifax"/>
    <property name="java.vm.specification.version" value="1.8"/>
    <property name="os.name" value="Windows 10"/>
    <property name="user.country" value="IN"/>
    <property name="sun.java.launcher" value="SUN_STANDARD"/>
    <property name="sun.boot.library.path" value="C:\Users\Abhishek karthik\.jdks\corretto-1.8.0_302\jre\bin"/>
    <property name="sun.java.command" value="C:\Users\ABHISH~1\AppData\Local\Temp\surefire8044429709558549141\surefirebooter5240988189170098343.jar C:\Users\Abhishek karthik\AppData\Local\Temp\surefire8044429709558549141 2021-12-09T01-39-55_361-jvmRun1 surefire3962590512965402997tmp surefire_04537210232263570387tmp"/>
    <property name="surefire.test.class.path" value="D:\Dalhousie\ASDC\Project\group-9\target\test-classes;D:\Dalhousie\ASDC\Project\group-9\target\classes;C:\Users\Abhishek karthik\.m2\repository\org\apache\maven\plugins\maven-compiler-plugin\3.8.1\maven-compiler-plugin-3.8.1.jar;C:\Users\Abhishek karthik\.m2\repository\org\apache\maven\maven-plugin-api\3.0\maven-plugin-api-3.0.jar;C:\Users\Abhishek karthik\.m2\repository\org\apache\maven\maven-model\3.0\maven-model-3.0.jar;C:\Users\Abhishek karthik\.m2\repository\org\sonatype\sisu\sisu-inject-plexus\1.4.2\sisu-inject-plexus-1.4.2.jar;C:\Users\Abhishek karthik\.m2\repository\org\sonatype\sisu\sisu-inject-bean\1.4.2\sisu-inject-bean-1.4.2.jar;C:\Users\Abhishek karthik\.m2\repository\org\sonatype\sisu\sisu-guice\2.1.7\sisu-guice-2.1.7-noaop.jar;C:\Users\Abhishek karthik\.m2\repository\org\apache\maven\maven-artifact\3.0\maven-artifact-3.0.jar;C:\Users\Abhishek karthik\.m2\repository\org\codehaus\plexus\plexus-utils\2.0.4\plexus-utils-2.0.4.jar;C:\Users\Abhishek karthik\.m2\repository\org\apache\maven\maven-core\3.0\maven-core-3.0.jar;C:\Users\Abhishek karthik\.m2\repository\org\apache\maven\maven-settings\3.0\maven-settings-3.0.jar;C:\Users\Abhishek karthik\.m2\repository\org\apache\maven\maven-settings-builder\3.0\maven-settings-builder-3.0.jar;C:\Users\Abhishek karthik\.m2\repository\org\apache\maven\maven-repository-metadata\3.0\maven-repository-metadata-3.0.jar;C:\Users\Abhishek karthik\.m2\repository\org\apache\maven\maven-model-builder\3.0\maven-model-builder-3.0.jar;C:\Users\Abhishek karthik\.m2\repository\org\apache\maven\maven-aether-provider\3.0\maven-aether-provider-3.0.jar;C:\Users\Abhishek karthik\.m2\repository\org\sonatype\aether\aether-impl\1.7\aether-impl-1.7.jar;C:\Users\Abhishek karthik\.m2\repository\org\sonatype\aether\aether-spi\1.7\aether-spi-1.7.jar;C:\Users\Abhishek karthik\.m2\repository\org\sonatype\aether\aether-api\1.7\aether-api-1.7.jar;C:\Users\Abhishek karthik\.m2\repository\org\sonatype\aether\aether-util\1.7\aether-util-1.7.jar;C:\Users\Abhishek karthik\.m2\repository\org\codehaus\plexus\plexus-interpolation\1.14\plexus-interpolation-1.14.jar;C:\Users\Abhishek karthik\.m2\repository\org\codehaus\plexus\plexus-classworlds\2.2.3\plexus-classworlds-2.2.3.jar;C:\Users\Abhishek karthik\.m2\repository\org\codehaus\plexus\plexus-component-annotations\1.5.5\plexus-component-annotations-1.5.5.jar;C:\Users\Abhishek karthik\.m2\repository\org\sonatype\plexus\plexus-sec-dispatcher\1.3\plexus-sec-dispatcher-1.3.jar;C:\Users\Abhishek karthik\.m2\repository\org\sonatype\plexus\plexus-cipher\1.4\plexus-cipher-1.4.jar;C:\Users\Abhishek karthik\.m2\repository\org\apache\maven\shared\maven-shared-utils\3.2.1\maven-shared-utils-3.2.1.jar;C:\Users\Abhishek karthik\.m2\repository\commons-io\commons-io\2.5\commons-io-2.5.jar;C:\Users\Abhishek karthik\.m2\repository\org\apache\maven\shared\maven-shared-incremental\1.1\maven-shared-incremental-1.1.jar;C:\Users\Abhishek karthik\.m2\repository\org\codehaus\plexus\plexus-java\0.9.10\plexus-java-0.9.10.jar;C:\Users\Abhishek karthik\.m2\repository\org\ow2\asm\asm\6.2\asm-6.2.jar;C:\Users\Abhishek karthik\.m2\repository\com\thoughtworks\qdox\qdox\2.0-M8\qdox-2.0-M8.jar;C:\Users\Abhishek karthik\.m2\repository\org\codehaus\plexus\plexus-compiler-api\2.8.4\plexus-compiler-api-2.8.4.jar;C:\Users\Abhishek karthik\.m2\repository\org\codehaus\plexus\plexus-compiler-manager\2.8.4\plexus-compiler-manager-2.8.4.jar;C:\Users\Abhishek karthik\.m2\repository\org\codehaus\plexus\plexus-compiler-javac\2.8.4\plexus-compiler-javac-2.8.4.jar;C:\Users\Abhishek karthik\.m2\repository\org\junit\jupiter\junit-jupiter-engine\5.4.0\junit-jupiter-engine-5.4.0.jar;C:\Users\Abhishek karthik\.m2\repository\org\apiguardian\apiguardian-api\1.0.0\apiguardian-api-1.0.0.jar;C:\Users\Abhishek karthik\.m2\repository\org\junit\platform\junit-platform-engine\1.4.0\junit-platform-engine-1.4.0.jar;C:\Users\Abhishek karthik\.m2\repository\com\sun\mail\javax.mail\1.6.2\javax.mail-1.6.2.jar;C:\Users\Abhishek karthik\.m2\repository\javax\activation\activation\1.1\activation-1.1.jar;C:\Users\Abhishek karthik\.m2\repository\org\junit\jupiter\junit-jupiter-api\5.4.0\junit-jupiter-api-5.4.0.jar;C:\Users\Abhishek karthik\.m2\repository\org\opentest4j\opentest4j\1.1.1\opentest4j-1.1.1.jar;C:\Users\Abhishek karthik\.m2\repository\org\junit\platform\junit-platform-commons\1.4.0\junit-platform-commons-1.4.0.jar;C:\Users\Abhishek karthik\.m2\repository\org\apache\maven\plugins\maven-failsafe-plugin\3.0.0-M5\maven-failsafe-plugin-3.0.0-M5.jar;C:\Users\Abhishek karthik\.m2\repository\org\apache\maven\surefire\maven-surefire-common\3.0.0-M5\maven-surefire-common-3.0.0-M5.jar;C:\Users\Abhishek karthik\.m2\repository\org\apache\maven\surefire\surefire-api\3.0.0-M5\surefire-api-3.0.0-M5.jar;C:\Users\Abhishek karthik\.m2\repository\org\apache\maven\surefire\surefire-logger-api\3.0.0-M5\surefire-logger-api-3.0.0-M5.jar;C:\Users\Abhishek karthik\.m2\repository\org\apache\maven\surefire\surefire-extensions-api\3.0.0-M5\surefire-extensions-api-3.0.0-M5.jar;C:\Users\Abhishek karthik\.m2\repository\org\apache\maven\surefire\surefire-booter\3.0.0-M5\surefire-booter-3.0.0-M5.jar;C:\Users\Abhishek karthik\.m2\repository\org\apache\maven\surefire\surefire-extensions-spi\3.0.0-M5\surefire-extensions-spi-3.0.0-M5.jar;C:\Users\Abhishek karthik\.m2\repository\org\apache\maven\maven-toolchain\3.0-alpha-2\maven-toolchain-3.0-alpha-2.jar;C:\Users\Abhishek karthik\.m2\repository\org\apache\maven\shared\maven-artifact-transfer\0.11.0\maven-artifact-transfer-0.11.0.jar;C:\Users\Abhishek karthik\.m2\repository\org\apache\maven\shared\maven-common-artifact-filters\3.0.1\maven-common-artifact-filters-3.0.1.jar;C:\Users\Abhishek karthik\.m2\repository\commons-codec\commons-codec\1.11\commons-codec-1.11.jar;C:\Users\Abhishek karthik\.m2\repository\org\apache\maven\surefire\surefire-shared-utils\3.0.0-M4\surefire-shared-utils-3.0.0-M4.jar;C:\Users\Abhishek karthik\.m2\repository\mysql\mysql-connector-java\8.0.26\mysql-connector-java-8.0.26.jar;C:\Users\Abhishek karthik\.m2\repository\com\google\protobuf\protobuf-java\3.11.4\protobuf-java-3.11.4.jar;C:\Users\Abhishek karthik\.m2\repository\org\apache\logging\log4j\log4j-api\2.14.1\log4j-api-2.14.1.jar;C:\Users\Abhishek karthik\.m2\repository\org\apache\logging\log4j\log4j-core\2.14.1\log4j-core-2.14.1.jar;C:\Users\Abhishek karthik\.m2\repository\org\mockito\mockito-all\1.10.19\mockito-all-1.10.19.jar;"/>
    <property name="sun.cpu.endian" value="little"/>
    <property name="user.home" value="C:\Users\Abhishek karthik"/>
    <property name="user.language" value="en"/>
    <property name="java.specification.vendor" value="Oracle Corporation"/>
    <property name="java.home" value="C:\Users\Abhishek karthik\.jdks\corretto-1.8.0_302\jre"/>
    <property name="basedir" value="D:\Dalhousie\ASDC\Project\group-9"/>
    <property name="file.separator" value="\"/>
    <property name="line.separator" value="&#10;"/>
    <property name="java.vm.specification.vendor" value="Oracle Corporation"/>
    <property name="java.specification.name" value="Java Platform API Specification"/>
    <property name="java.awt.graphicsenv" value="sun.awt.Win32GraphicsEnvironment"/>
    <property name="surefire.real.class.path" value="C:\Users\ABHISH~1\AppData\Local\Temp\surefire8044429709558549141\surefirebooter5240988189170098343.jar"/>
    <property name="sun.boot.class.path" value="C:\Users\Abhishek karthik\.jdks\corretto-1.8.0_302\jre\lib\resources.jar;C:\Users\Abhishek karthik\.jdks\corretto-1.8.0_302\jre\lib\rt.jar;C:\Users\Abhishek karthik\.jdks\corretto-1.8.0_302\jre\lib\sunrsasign.jar;C:\Users\Abhishek karthik\.jdks\corretto-1.8.0_302\jre\lib\jsse.jar;C:\Users\Abhishek karthik\.jdks\corretto-1.8.0_302\jre\lib\jce.jar;C:\Users\Abhishek karthik\.jdks\corretto-1.8.0_302\jre\lib\charsets.jar;C:\Users\Abhishek karthik\.jdks\corretto-1.8.0_302\jre\lib\jfr.jar;C:\Users\Abhishek karthik\.jdks\corretto-1.8.0_302\jre\classes"/>
    <property name="user.script" value=""/>
    <property name="sun.management.compiler" value="HotSpot 64-Bit Tiered Compilers"/>
    <property name="java.runtime.version" value="1.8.0_302-b08"/>
    <property name="user.name" value="Abhishek karthik"/>
    <property name="path.separator" value=";"/>
    <property name="os.version" value="10.0"/>
    <property name="java.endorsed.dirs" value="C:\Users\Abhishek karthik\.jdks\corretto-1.8.0_302\jre\lib\endorsed"/>
    <property name="java.runtime.name" value="OpenJDK Runtime Environment"/>
    <property name="file.encoding" value="Cp1252"/>
    <property name="java.vm.name" value="OpenJDK 64-Bit Server VM"/>
    <property name="localRepository" value="C:\Users\Abhishek karthik\.m2\repository"/>
    <property name="java.vendor.url.bug" value="https://github.com/corretto/corretto-8/issues/"/>
    <property name="java.io.tmpdir" value="C:\Users\ABHISH~1\AppData\Local\Temp\"/>
    <property name="idea.version" value="2021.2"/>
    <property name="java.version" value="1.8.0_302"/>
    <property name="user.dir" value="D:\Dalhousie\ASDC\Project\group-9"/>
    <property name="os.arch" value="amd64"/>
    <property name="java.vm.specification.name" value="Java Virtual Machine Specification"/>
    <property name="java.awt.printerjob" value="sun.awt.windows.WPrinterJob"/>
    <property name="sun.os.patch.level" value=""/>
    <property name="java.library.path" value="C:\Users\Abhishek karthik\.jdks\corretto-1.8.0_302\jre\bin;C:\WINDOWS\Sun\Java\bin;C:\WINDOWS\system32;C:\WINDOWS;C:\Program Files (x86)\Common Files\Oracle\Java\javapath;C:\Program Files\Common Files\Oracle\Java\javapath;C:\ProgramData\Anaconda3;C:\ProgramData\Anaconda3\Library\mingw-w64\bin;C:\ProgramData\Anaconda3\Library\usr\bin;C:\ProgramData\Anaconda3\Library\bin;C:\ProgramData\Anaconda3\Scripts;C:\Program Files (x86)\Intel\Intel(R) Management Engine Components\iCLS\;C:\Program Files\Intel\Intel(R) Management Engine Components\iCLS\;C:\WINDOWS\system32;C:\WINDOWS;C:\WINDOWS\System32\Wbem;C:\WINDOWS\System32\WindowsPowerShell\v1.0\;C:\Program Files (x86)\Intel\Intel(R) Management Engine Components\DAL;C:\Program Files\Intel\Intel(R) Management Engine Components\DAL;C:\Program Files (x86)\Intel\Intel(R) Management Engine Components\IPT;C:\Program Files\Intel\Intel(R) Management Engine Components\IPT;C:\Program Files\Intel\WiFi\bin\;C:\Program Files\Common Files\Intel\WirelessCommon\;C:\WINDOWS\System32\OpenSSH\;C:\Program Files\Pandoc\;C:\Program Files\Git\cmd;C:\Program Files\Amazon\AWSCLIV2\;C:\Program Files\nodejs\;C:\MinGW\bin;C:\Program Files\Graphviz\bin;C:\Program Files\Tesseract-OCR;C:\Program Files (x86)\mingw-w64\i686-8.1.0-posix-dwarf-rt_v6-rev0\mingw32\bin\;C:\Users\Abhishek karthik\AppData\Roaming\Python\Python38\site-packages\plaidml;C:\opt\spark\bin;C:\msys64\mingw64\bin;C:\Program Files\MySQL\MySQL Shell 8.0\bin\;C:\Users\Abhishek karthik\AppData\Local\Programs\Python\Python39\Scripts\;C:\Users\Abhishek karthik\AppData\Local\Programs\Python\Python39\;C:\Users\Abhishek karthik\AppData\Local\Microsoft\WindowsApps;C:\Users\Abhishek karthik\AppData\Local\Programs\MiKTeX\miktex\bin\x64\;C:\Users\Abhishek karthik\AppData\Local\Programs\Microsoft VS Code\bin;C:\Users\Abhishek karthik\AppData\Roaming\npm;D:\CLion 2021.1.1\bin;;C:\Program Files\JetBrains\PyCharm Community Edition 2021.1.2\bin;;D:\IntelliJ IDEA 2021.2\bin;;C:\opt\spark\bin;;."/>
    <property name="java.vm.info" value="mixed mode"/>
    <property name="java.vendor" value="Amazon.com Inc."/>
    <property name="java.vm.version" value="25.302-b08"/>
    <property name="java.ext.dirs" value="C:\Users\Abhishek karthik\.jdks\corretto-1.8.0_302\jre\lib\ext;C:\WINDOWS\Sun\Java\lib\ext"/>
    <property name="sun.io.unicode.encoding" value="UnicodeLittle"/>
    <property name="java.class.version" value="52.0"/>
  </properties>
  <testcase name="testVerifyValidGRE" classname="edu.dalhousie.business.addnewapplication.business.ValidateNewApplicationTest" time="0"/>
  <testcase name="testVerifyPreviousSchoolName" classname="edu.dalhousie.business.addnewapplication.business.ValidateNewApplicationTest" time="0"/>
  <testcase name="testVerifyInvalidCourseName" classname="edu.dalhousie.business.addnewapplication.business.ValidateNewApplicationTest" time="0"/>
  <testcase name="testVerifyWorkExperience" classname="edu.dalhousie.business.addnewapplication.business.ValidateNewApplicationTest" time="0"/>
  <testcase name="testVerifyValidCGPA" classname="edu.dalhousie.business.addnewapplication.business.ValidateNewApplicationTest" time="0"/>
  <testcase name="testVerifyValidGATE" classname="edu.dalhousie.business.addnewapplication.business.ValidateNewApplicationTest" time="0"/>
  <testcase name="testVerifyValidGMAT" classname="edu.dalhousie.business.addnewapplication.business.ValidateNewApplicationTest" time="0"/>
  <testcase name="testVerifyValidTenthPercentage" classname="edu.dalhousie.business.addnewapplication.business.ValidateNewApplicationTest" time="0"/>
  <testcase name="testVerifyInvalidTenthPercentage" classname="edu.dalhousie.business.addnewapplication.business.ValidateNewApplicationTest" time="0"/>
  <testcase name="testVerifyInvalidPreviousLevelOfEducation" classname="edu.dalhousie.business.addnewapplication.business.ValidateNewApplicationTest" time="0"/>
  <testcase name="testVerifyValidCourseName" classname="edu.dalhousie.business.addnewapplication.business.ValidateNewApplicationTest" time="0"/>
  <testcase name="testVerifyInvalidGRE" classname="edu.dalhousie.business.addnewapplication.business.ValidateNewApplicationTest" time="0"/>
  <testcase name="testVerifyInvalidCGPA" classname="edu.dalhousie.business.addnewapplication.business.ValidateNewApplicationTest" time="0"/>
  <testcase name="testVerifyInvalidGATE" classname="edu.dalhousie.business.addnewapplication.business.ValidateNewApplicationTest" time="0"/>
  <testcase name="testVerifyInvalidGMAT" classname="edu.dalhousie.business.addnewapplication.business.ValidateNewApplicationTest" time="0"/>
  <testcase name="testVerifyValidTwelfthPercentage" classname="edu.dalhousie.business.addnewapplication.business.ValidateNewApplicationTest" time="0"/>
  <testcase name="testVerifyInvalidTwelfthPercentage" classname="edu.dalhousie.business.addnewapplication.business.ValidateNewApplicationTest" time="0"/>
  <testcase name="testVerifyInvalidIELTS" classname="edu.dalhousie.business.addnewapplication.business.ValidateNewApplicationTest" time="0"/>
  <testcase name="testVerifyResearchPaper" classname="edu.dalhousie.business.addnewapplication.business.ValidateNewApplicationTest" time="0"/>
  <testcase name="testVerifyValidPreviousLevelOfEducation" classname="edu.dalhousie.business.addnewapplication.business.ValidateNewApplicationTest" time="0"/>
  <testcase name="testVerifyValidIELTS" classname="edu.dalhousie.business.addnewapplication.business.ValidateNewApplicationTest" time="0"/>
</testsuite>